[ 2018-04-04T10:09:15+08:00 ] ::1 /favicon.ico
INFO: [ app_init ] --START--
INFO: Run Behavior\BuildLiteBehavior [ RunTime:0.000026s ]
INFO: [ app_init ] --END-- [ RunTime:0.000737s ]
ERR: æ— æ³•åŠ è½½æ¨¡å—:Favicon

[ 2018-04-04T10:23:00+08:00 ] ::1 /Public/public/bootstrap.min.css.map
INFO: [ app_init ] --START--
INFO: Run Behavior\BuildLiteBehavior [ RunTime:0.000021s ]
INFO: [ app_init ] --END-- [ RunTime:0.000610s ]
ERR: æ— æ³•åŠ è½½æ¨¡å—:Public

[ 2018-04-04T10:25:32+08:00 ] ::1 /Public/public/bootstrap.min.css.map
INFO: [ app_init ] --START--
INFO: Run Behavior\BuildLiteBehavior [ RunTime:0.000025s ]
INFO: [ app_init ] --END-- [ RunTime:0.000734s ]
ERR: æ— æ³•åŠ è½½æ¨¡å—:Public

[ 2018-04-04T10:25:49+08:00 ] ::1 /Public/public/bootstrap.min.css.map
INFO: [ app_init ] --START--
INFO: Run Behavior\BuildLiteBehavior [ RunTime:0.000025s ]
INFO: [ app_init ] --END-- [ RunTime:0.000674s ]
ERR: æ— æ³•åŠ è½½æ¨¡å—:Public

[ 2018-04-04T10:26:38+08:00 ] ::1 /Public/public/bootstrap.min.css.map
INFO: [ app_init ] --START--
INFO: Run Behavior\BuildLiteBehavior [ RunTime:0.000038s ]
INFO: [ app_init ] --END-- [ RunTime:0.000924s ]
ERR: æ— æ³•åŠ è½½æ¨¡å—:Public

[ 2018-04-04T10:29:28+08:00 ] ::1 /Public/public/bootstrap.min.css.map
INFO: [ app_init ] --START--
INFO: Run Behavior\BuildLiteBehavior [ RunTime:0.000025s ]
INFO: [ app_init ] --END-- [ RunTime:0.000619s ]
ERR: æ— æ³•åŠ è½½æ¨¡å—:Public

[ 2018-04-04T10:29:44+08:00 ] ::1 /Public/public/bootstrap.min.css.map
INFO: [ app_init ] --START--
INFO: Run Behavior\BuildLiteBehavior [ RunTime:0.000020s ]
INFO: [ app_init ] --END-- [ RunTime:0.000532s ]
ERR: æ— æ³•åŠ è½½æ¨¡å—:Public

[ 2018-04-04T10:33:21+08:00 ] ::1 /Public/public/bootstrap.min.css.map
INFO: [ app_init ] --START--
INFO: Run Behavior\BuildLiteBehavior [ RunTime:0.000026s ]
INFO: [ app_init ] --END-- [ RunTime:0.000690s ]
ERR: æ— æ³•åŠ è½½æ¨¡å—:Public

[ 2018-04-04T11:02:37+08:00 ] ::1 /Public/images/favicon.ico
INFO: [ app_init ] --START--
INFO: Run Behavior\BuildLiteBehavior [ RunTime:0.000034s ]
INFO: [ app_init ] --END-- [ RunTime:0.000830s ]
ERR: æ— æ³•åŠ è½½æ¨¡å—:Public

[ 2018-04-04T11:08:43+08:00 ] ::1 /book/Public/styles/style.css
INFO: [ app_init ] --START--
INFO: Run Behavior\BuildLiteBehavior [ RunTime:0.000026s ]
INFO: [ app_init ] --END-- [ RunTime:0.000717s ]
ERR: æ— æ³•åŠ è½½æ¨¡å—:Book

[ 2018-04-04T11:08:43+08:00 ] ::1 /book/Public/js/jquery-1.6.4.min.js
INFO: [ app_init ] --START--
INFO: Run Behavior\BuildLiteBehavior [ RunTime:0.000029s ]
INFO: [ app_init ] --END-- [ RunTime:0.000844s ]
ERR: æ— æ³•åŠ è½½æ¨¡å—:Book

[ 2018-04-04T11:08:43+08:00 ] ::1 /book/Public/js/jquery.skitter.js
INFO: [ app_init ] --START--
INFO: Run Behavior\BuildLiteBehavior [ RunTime:0.000032s ]
INFO: [ app_init ] --END-- [ RunTime:0.000992s ]
ERR: æ— æ³•åŠ è½½æ¨¡å—:Book

—:Book

[ 2018-04-04T11:08:43+08:00 ] ::1 /book/Public/js/jquery.easing.1.3.js
INFO: [ app_init ] --START--
INFO: Run Behavior\BuildLiteBehavior [ RunTime:0.000036s ]
INFO: [ app_init ] --END-- [ RunTime:0.001232s ]
ERR: æ— æ³•åŠ è½½æ¨¡å—:Book

[ 2018-04-04T11:08:43+08:00 ] ::1 /book/Public/js/supersubs.js
INFO: [ app_init ] --START--
INFO: Run Behavior\BuildLiteBehavior [ RunTime:0.000027s ]
INFO: [ app_init ] --END-- [ RunTime:0.000723s ]
ERR: æ— æ³•åŠ è½½æ¨¡å—:Book

[ 2018-04-04T11:08:43+08:00 ] ::1 /book/Public/js/superfish.js
INFO: [ app_init ] --START--
INFO: Run Behavior\BuildLiteBehavior [ RunTime:0.000028s ]
INFO: [ app_init ] --END-- [ RunTime:0.000740s ]
ERR: æ— æ³•åŠ è½½æ¨¡å—:Book

[ 2018-04-04T11:08:43+08:00 ] ::1 /book/Public/styles/skitter.styles.css
INFO: [ app_init ] --START--
INFO: Run Behavior\BuildLiteBehavior [ RunTime:0.000031s ]
INFO: [ app_init ] --END-- [ RunTime:0.004226s ]
ERR: æ— æ³•åŠ è½½æ¨¡å—:Book

[ 2018-04-04T11:08:43+08:00 ] ::1 /book/Public/js/hoverIntent.js
INFO: [ app_init ] --START--
INFO: Run Behavior\BuildLiteBehavior [ RunTime:0.000041s ]
INFO: [ app_init ] --END-- [ RunTime:0.000815s ]
ERR: æ— æ³•åŠ è½½æ¨¡å—:Book

[ 2018-04-04T11:08:43+08:00 ] ::1 /book/Public/js/jquery.easing.1.3.js
INFO: [ app_init ] --START--
INFO: Run Behavior\BuildLiteBehavior [ RunTime:0.000019s ]
INFO: [ app_init ] --END-- [ RunTime:0.000603s ]
ERR: æ— æ³•åŠ è½½æ¨¡å—:Book

[ 2018-04-04T11:08:43+08:00 ] ::1 /book/Public/js/jquery.animate-colors-min.js
INFO: [ app_init ] --START--
INFO: Run Behavior\BuildLiteBehavior [ RunTime:0.000019s ]
INFO: [ app_init ] --END-- [ RunTime:0.000526s ]
ERR: æ— æ³•åŠ è½½æ¨¡å—:Book

[ 2018-04-04T11:08:43+08:00 ] ::1 /book/Public/js/jquery.skitter.js
INFO: [ app_init ] --START--
INFO: Run Behavior\BuildLiteBehavior [ RunTime:0.000028s ]
INFO: [ app_init ] --END-- [ RunTime:0.000677s ]
ERR: æ— æ³•åŠ è½½æ¨¡å—:Book

[ 2018-04-04T11:08:43+08:00 ] ::1 /book/Public/js/hoverIntent.js
INFO: [ app_init ] --START--
INFO: Run Behavior\BuildLiteBehavior [ RunTime:0.000022s ]
INFO: [ app_init ] --END-- [ RunTime:0.000567s ]
ERR: æ— æ³•åŠ è½½æ¨¡å—:Book

[ 2018-04-04T11:08:43+08:00 ] ::1 /book/Public/js/superfish.js
INFO: [ app_init ] --START--
INFO: Run Behavior\BuildLiteBehavior [ RunTime:0.000020s ]
INFO: [ app_init ] --END-- [ RunTime:0.000519s ]
ERR: æ— æ³•åŠ è½½æ¨¡å—:Book

[ 2018-04-04T11:08:43+08:00 ] ::1 /book/Public/js/supersubs.js
INFO: [ app_init ] --START--
INFO: Run Behavior\BuildLiteBehavior [ RunTime:0.000026s ]
INFO: [ app_init ] --END-- [ RunTime:0.000736s ]
ERR: æ— æ³•åŠ è½½æ¨¡å—:Book

[ 2018-04-04T11:08:44+08:00 ] ::1 /book/Public/images/favicon.ico
INFO: [ app_init ] --START--
INFO: Run Behavior\BuildLiteBehavior [ RunTime:0.000020s ]
INFO: [ app_init ] --END-- [ RunTime:0.000510s ]
ERR: æ— æ³•åŠ è½½æ¨¡å—:Book

[ 2018-04-04T11:32:11+08:00 ] ::1 /book/Public/styles/bootstrap.min.css
INFO: [ app_init ] --START--
INFO: Run Behavior\BuildLiteBehavior [ RunTime:0.000032s ]
INFO: [ app_init ] --END-- [ RunTime:0.000972s ]
ERR: æ— æ³•åŠ è½½æ¨¡å—:Book

[ 2018-04-04T11:32:11+08:00 ] ::1 /book/Public/styles/nav.css
INFO: [ app_init ] --START--
INFO: Run Behavior\BuildLiteBehavior [ RunTime:0.000034s ]
INFO: [ app_init ] --END-- [ RunTime:0.000999s ]
ERR: æ— æ³•åŠ è½½æ¨¡å—:Book

[ 2018-04-04T11:32:12+08:00 ] ::1 /book/Public/styles/bootstrap.min.css
INFO: [ app_init ] --START--
INFO: Run Behavior\BuildLiteBehavior [ RunTime:0.000035s ]
INFO: [ app_init ] --END-- [ RunTime:0.000798s ]
ERR: æ— æ³•åŠ è½½æ¨¡å—:Book

[ 2018-04-04T11:32:12+08:00 ] ::1 /book/Public/styles/nav.css
INFO: [ app_init ] --START--
INFO: Run Behavior\BuildLiteBehavior [ RunTime:0.000058s ]
INFO: [ app_init ] --END-- [ RunTime:0.001003s ]
ERR: æ— æ³•åŠ è½½æ¨¡å—:Book

[ 2018-04-04T11:32:47+08:00 ] ::1 /Public/styles/bootstrap.min.css.map
INFO: [ app_init ] --START--
INFO: Run Behavior\BuildLiteBehavior [ RunTime:0.000055s ]
INFO: [ app_init ] --END-- [ RunTime:0.000898s ]
ERR: æ— æ³•åŠ è½½æ¨¡å—:Public

[ 2018-04-04T11:58:04+08:00 ] ::1 /Public/styles/bootstrap.min.css.map
INFO: [ app_init ] --START--
INFO: Run Behavior\BuildLiteBehavior [ RunTime:0.000022s ]
INFO: [ app_init ] --END-- [ RunTime:0.000558s ]
ERR: æ— æ³•åŠ è½½æ¨¡å—:Public

[ 2018-04-04T11:59:44+08:00 ] ::1 /Public/styles/bootstrap.min.css.map
INFO: [ app_init ] --START--
INFO: Run Behavior\BuildLiteBehavior [ RunTime:0.000021s ]
INFO: [ app_init ] --END-- [ RunTime:0.000686s ]
ERR: æ— æ³•åŠ è½½æ¨¡å—:Public

[ 2018-04-04T12:00:13+08:00 ] ::1 /Public/styles/bootstrap.min.css.map
INFO: [ app_init ] --START--
INFO: Run Behavior\BuildLiteBehavior [ RunTime:0.000021s ]
INFO: [ app_init ] --END-- [ RunTime:0.000664s ]
ERR: æ— æ³•åŠ è½½æ¨¡å—:Public

[ 2018-04-04T12:00:51+08:00 ] ::1 /Public/styles/bootstrap.min.css.map
INFO: [ app_init ] --START--
INFO: Run Behavior\BuildLiteBehavior [ RunTime:0.000036s ]
INFO: [ app_init ] --END-- [ RunTime:0.000835s ]
ERR: æ— æ³•åŠ è½½æ¨¡å—:Public

[ 2018-04-04T12:01:23+08:00 ] ::1 /Public/styles/bootstrap.min.css.map
INFO: [ app_init ] --START--
INFO: Run Behavior\BuildLiteBehavior [ RunTime:0.000020s ]
INFO: [ app_init ] --END-- [ RunTime:0.000605s ]
ERR: æ— æ³•åŠ è½½æ¨¡å—:Public

[ 2018-04-04T12:01:41+08:00 ] ::1 /Public/styles/bootstrap.min.css.map
INFO: [ app_init ] --START--
INFO: Run Behavior\BuildLiteBehavior [ RunTime:0.000033s ]
INFO: [ app_init ] --END-- [ RunTime:0.000810s ]
ERR: æ— æ³•åŠ è½½æ¨¡å—:Public

[ 2018-04-04T12:02:03+08:00 ] ::1 /Public/styles/bootstrap.min.css.map
INFO: [ app_init ] --START--
INFO: Run Behavior\BuildLiteBehavior [ RunTime:0.000069s ]
INFO: [ app_init ] --END-- [ RunTime:0.001256s ]
ERR: æ— æ³•åŠ è½½æ¨¡å—:Public

[ 2018-04-04T12:05:08+08:00 ] ::1 /Public/styles/bootstrap.min.css.map
INFO: [ app_init ] --START--
INFO: Run Behavior\BuildLiteBehavior [ RunTime:0.000030s ]
INFO: [ app_init ] --END-- [ RunTime:0.000761s ]
ERR: æ— æ³•åŠ è½½æ¨¡å—:Public

