[ 2018-05-13T17:11:23+08:00 ] ::1 /favicon.ico
INFO: [ app_init ] --START--
INFO: Run Behavior\BuildLiteBehavior [ RunTime:0.000022s ]
INFO: [ app_init ] --END-- [ RunTime:0.000675s ]
ERR: 无法加载模块:Favicon

[ 2018-05-13T19:55:08+08:00 ] ::1 /bookImg/book20180513195505167.pn
INFO: [ app_init ] --START--
INFO: Run Behavior\BuildLiteBehavior [ RunTime:0.000037s ]
INFO: [ app_init ] --END-- [ RunTime:0.000997s ]
ERR: 无法加载模块:BookImg

[ 2018-05-13T19:58:25+08:00 ] ::1 /bookImg/book20180513195505167.pn
INFO: [ app_init ] --START--
INFO: Run Behavior\BuildLiteBehavior [ RunTime:0.000032s ]
INFO: [ app_init ] --END-- [ RunTime:0.000985s ]
ERR: 无法加载模块:BookImg

[ 2018-05-13T20:00:58+08:00 ] ::1 /bookImg/book20180513195505167.pn
INFO: [ app_init ] --START--
INFO: Run Behavior\BuildLiteBehavior [ RunTime:0.000030s ]
INFO: [ app_init ] --END-- [ RunTime:0.001086s ]
ERR: 无法加载模块:BookImg

[ 2018-05-13T20:02:05+08:00 ] ::1 /bookImg/book20180513195505167.pn
INFO: [ app_init ] --START--
INFO: Run Behavior\BuildLiteBehavior [ RunTime:0.000023s ]
INFO: [ app_init ] --END-- [ RunTime:0.000770s ]
ERR: 无法加载模块:BookImg

[ 2018-05-13T20:15:43+08:00 ] ::1 /Public/js/angular.min.js.map
INFO: [ app_init ] --START--
INFO: Run Behavior\BuildLiteBehavior [ RunTime:0.000041s ]
INFO: [ app_init ] --END-- [ RunTime:0.001746s ]
ERR: 无法加载模块:Public

[ 2018-05-13T20:19:24+08:00 ] ::1 /bookImg/book0
INFO: [ app_init ] --START--
INFO: Run Behavior\BuildLiteBehavior [ RunTime:0.000032s ]
INFO: [ app_init ] --END-- [ RunTime:0.001083s ]
ERR: 无法加载模块:BookImg

[ 2018-05-13T20:19:24+08:00 ] ::1 /Public/js/angular.min.js.map
INFO: [ app_init ] --START--
INFO: Run Behavior\BuildLiteBehavior [ RunTime:0.000033s ]
INFO: [ app_init ] --END-- [ RunTime:0.001141s ]
ERR: 无法加载模块:Public

[ 2018-05-13T20:24:18+08:00 ] ::1 /bookImg/book20180513202414357.jp
INFO: [ app_init ] --START--
INFO: Run Behavior\BuildLiteBehavior [ RunTime:0.000032s ]
INFO: [ app_init ] --END-- [ RunTime:0.000993s ]
ERR: 无法加载模块:BookImg

[ 2018-05-13T20:24:18+08:00 ] ::1 /bookImg/booknone.txt
INFO: [ app_init ] --START--
INFO: Run Behavior\BuildLiteBehavior [ RunTime:0.000022s ]
INFO: [ app_init ] --END-- [ RunTime:0.000638s ]
ERR: 无法加载模块:BookImg

[ 2018-05-13T20:24:18+08:00 ] ::1 /bookImg/book20180513202414357.jp
INFO: [ app_init ] --START--
INFO: Run Behavior\BuildLiteBehavior [ RunTime:0.000050s ]
INFO: [ app_init ] --END-- [ RunTime:0.001826s ]
ERR: 无法加载模块:BookImg

[ 2018-05-13T20:24:35+08:00 ] ::1 /Public/js/angular.min.js.map
INFO: [ app_init ] --START--
INFO: Run Behavior\BuildLiteBehavior [ RunTime:0.000023s ]
INFO: [ app_init ] --END-- [ RunTime:0.000973s ]
ERR: 无法加载模块:Public

[ 2018-05-13T20:27:18+08:00 ] ::1 /bookImg/booknone.txt
INFO: [ app_init ] --START--
INFO: Run Behavior\BuildLiteBehavior [ RunTime:0.000037s ]
INFO: [ app_init ] --END-- [ RunTime:0.002363s ]
ERR: 无法加载模块:BookImg

[ 2018-05-13T20:27:21+08:00 ] ::1 /Public/js/angular.min.js.map
INFO: [ app_init ] --START--
INFO: Run Behavior\BuildLiteBehavior [ RunTime:0.000043s ]
INFO: [ app_init ] --END-- [ RunTime:0.001241s ]
ERR: 无法加载模块:Public

[ 2018-05-13T20:27:47+08:00 ] ::1 /bookImg/none.txt
INFO: [ app_init ] --START--
INFO: Run Behavior\BuildLiteBehavior [ RunTime:0.000030s ]
INFO: [ app_init ] --END-- [ RunTime:0.001061s ]
ERR: 无法加载模块:BookImg

[ 2018-05-13T20:27:47+08:00 ] ::1 /Public/js/angular.min.js.map
INFO: [ app_init ] --START--
INFO: Run Behavior\BuildLiteBehavior [ RunTime:0.000038s ]
INFO: [ app_init ] --END-- [ RunTime:0.001167s ]
ERR: 无法加载模块:Public

[ 2018-05-13T20:28:48+08:00 ] ::1 /Public/js/angular.min.js.map
INFO: [ app_init ] --START--
INFO: Run Behavior\BuildLiteBehavior [ RunTime:0.000031s ]
INFO: [ app_init ] --END-- [ RunTime:0.000980s ]
ERR: 无法加载模块:Public

[ 2018-05-13T20:30:11+08:00 ] ::1 /Public/js/angular.min.js.map
INFO: [ app_init ] --START--
INFO: Run Behavior\BuildLiteBehavior [ RunTime:0.000028s ]
INFO: [ app_init ] --END-- [ RunTime:0.000854s ]
ERR: 无法加载模块:Public

[ 2018-05-13T20:30:54+08:00 ] ::1 /Public/js/angular.min.js.map
INFO: [ app_init ] --START--
INFO: Run Behavior\BuildLiteBehavior [ RunTime:0.000037s ]
INFO: [ app_init ] --END-- [ RunTime:0.001178s ]
ERR: 无法加载模块:Public

[ 2018-05-13T20:31:44+08:00 ] ::1 /bookAbstract/20180513203141589.tx
INFO: [ app_init ] --START--
INFO: Run Behavior\BuildLiteBehavior [ RunTime:0.000033s ]
INFO: [ app_init ] --END-- [ RunTime:0.000953s ]
ERR: 无法加载模块:BookAbstract

[ 2018-05-13T20:31:44+08:00 ] ::1 /Public/js/angular.min.js.map
INFO: [ app_init ] --START--
INFO: Run Behavior\BuildLiteBehavior [ RunTime:0.000032s ]
INFO: [ app_init ] --END-- [ RunTime:0.000959s ]
ERR: 无法加载模块:Public

[ 2018-05-13T20:34:19+08:00 ] ::1 /Public/js/angular.min.js.map
INFO: [ app_init ] --START--
INFO: Run Behavior\BuildLiteBehavior [ RunTime:0.000031s ]
INFO: [ app_init ] --END-- [ RunTime:0.001236s ]
ERR: 无法加载模块:Public

[ 2018-05-13T20:39:42+08:00 ] ::1 /Public/js/angular.min.js.map
INFO: [ app_init ] --START--
INFO: Run Behavior\BuildLiteBehavior [ RunTime:0.000031s ]
INFO: [ app_init ] --END-- [ RunTime:0.001296s ]
ERR: 无法加载模块:Public

[ 2018-05-13T20:40:19+08:00 ] ::1 /Public/js/angular.min.js.map
INFO: [ app_init ] --START--
INFO: Run Behavior\BuildLiteBehavior [ RunTime:0.000030s ]
INFO: [ app_init ] --END-- [ RunTime:0.000882s ]
ERR: 无法加载模块:Public

[ 2018-05-13T20:40:28+08:00 ] ::1 /Public/js/angular.min.js.map
INFO: [ app_init ] --START--
INFO: Run Behavior\BuildLiteBehavior [ RunTime:0.000029s ]
INFO: [ app_init ] --END-- [ RunTime:0.000888s ]
ERR: 无法加载模块:Public

[ 2018-05-13T20:41:00+08:00 ] ::1 /Public/js/angular.min.js.map
INFO: [ app_init ] --START--
INFO: Run Behavior\BuildLiteBehavior [ RunTime:0.000029s ]
INFO: [ app_init ] --END-- [ RunTime:0.000918s ]
ERR: 无法加载模块:Public

[ 2018-05-13T20:41:18+08:00 ] ::1 /Public/js/angular.min.js.map
INFO: [ app_init ] --START--
INFO: Run Behavior\BuildLiteBehavior [ RunTime:0.000026s ]
INFO: [ app_init ] --END-- [ RunTime:0.000829s ]
ERR: 无法加载模块:Public

[ 2018-05-13T20:43:59+08:00 ] ::1 /Public/js/angular.min.js.map
INFO: [ app_init ] --START--
INFO: Run Behavior\BuildLiteBehavior [ RunTime:0.000032s ]
INFO: [ app_init ] --END-- [ RunTime:0.000944s ]
ERR: 无法加载模块:Public

[ 2018-05-13T20:48:00+08:00 ] ::1 /Public/js/angular.min.js.map
INFO: [ app_init ] --START--
INFO: Run Behavior\BuildLiteBehavior [ RunTime:0.000064s ]
INFO: [ app_init ] --END-- [ RunTime:0.001110s ]
ERR: 无法加载模块:Public

[ 2018-05-13T20:48:31+08:00 ] ::1 /Public/js/angular.min.js.map
INFO: [ app_init ] --START--
INFO: Run Behavior\BuildLiteBehavior [ RunTime:0.000032s ]
INFO: [ app_init ] --END-- [ RunTime:0.000995s ]
ERR: 无法加载模块:Public

[ 2018-05-13T20:50:48+08:00 ] ::1 /Public/js/angular.min.js.map
INFO: [ app_init ] --START--
INFO: Run Behavior\BuildLiteBehavior [ RunTime:0.000029s ]
INFO: [ app_init ] --END-- [ RunTime:0.000877s ]
ERR: 无法加载模块:Public

[ 2018-05-13T20:55:14+08:00 ] ::1 /Public/js/angular.min.js.map
INFO: [ app_init ] --START--
INFO: Run Behavior\BuildLiteBehavior [ RunTime:0.000033s ]
INFO: [ app_init ] --END-- [ RunTime:0.000998s ]
ERR: 无法加载模块:Public

[ 2018-05-13T20:56:38+08:00 ] ::1 /Public/js/angular.min.js.map
INFO: [ app_init ] --START--
INFO: Run Behavior\BuildLiteBehavior [ RunTime:0.000079s ]
INFO: [ app_init ] --END-- [ RunTime:0.001468s ]
ERR: 无法加载模块:Public

[ 2018-05-13T20:56:58+08:00 ] ::1 /Public/js/angular.min.js.map
INFO: [ app_init ] --START--
INFO: Run Behavior\BuildLiteBehavior [ RunTime:0.000022s ]
INFO: [ app_init ] --END-- [ RunTime:0.000952s ]
ERR: 无法加载模块:Public

[ 2018-05-13T20:57:27+08:00 ] ::1 /Public/js/angular.min.js.map
INFO: [ app_init ] --START--
INFO: Run Behavior\BuildLiteBehavior [ RunTime:0.000035s ]
INFO: [ app_init ] --END-- [ RunTime:0.001110s ]
ERR: 无法加载模块:Public

[ 2018-05-13T21:02:58+08:00 ] ::1 /Public/js/angular.min.js.map
INFO: [ app_init ] --START--
INFO: Run Behavior\BuildLiteBehavior [ RunTime:0.000029s ]
INFO: [ app_init ] --END-- [ RunTime:0.000942s ]
ERR: 无法加载模块:Public

[ 2018-05-13T21:03:13+08:00 ] ::1 /Public/js/angular.min.js.map
INFO: [ app_init ] --START--
INFO: Run Behavior\BuildLiteBehavior [ RunTime:0.000033s ]
INFO: [ app_init ] --END-- [ RunTime:0.001099s ]
ERR: 无法加载模块:Public

[ 2018-05-13T21:04:23+08:00 ] ::1 /Public/js/angular.min.js.map
INFO: [ app_init ] --START--
INFO: Run Behavior\BuildLiteBehavior [ RunTime:0.000031s ]
INFO: [ app_init ] --END-- [ RunTime:0.000943s ]
ERR: 无法加载模块:Public

[ 2018-05-13T21:04:41+08:00 ] ::1 /Public/js/angular.min.js.map
INFO: [ app_init ] --START--
INFO: Run Behavior\BuildLiteBehavior [ RunTime:0.000031s ]
INFO: [ app_init ] --END-- [ RunTime:0.000955s ]
ERR: 无法加载模块:Public

[ 2018-05-13T21:05:49+08:00 ] ::1 /Public/js/angular.min.js.map
INFO: [ app_init ] --START--
INFO: Run Behavior\BuildLiteBehavior [ RunTime:0.000030s ]
INFO: [ app_init ] --END-- [ RunTime:0.000887s ]
ERR: 无法加载模块:Public

[ 2018-05-13T21:11:05+08:00 ] ::1 /Public/js/angular.min.js.map
INFO: [ app_init ] --START--
INFO: Run Behavior\BuildLiteBehavior [ RunTime:0.000033s ]
INFO: [ app_init ] --END-- [ RunTime:0.000977s ]
ERR: 无法加载模块:Public

[ 2018-05-13T21:16:07+08:00 ] ::1 /Public/js/angular.min.js.map
INFO: [ app_init ] --START--
INFO: Run Behavior\BuildLiteBehavior [ RunTime:0.000030s ]
INFO: [ app_init ] --END-- [ RunTime:0.000930s ]
ERR: 无法加载模块:Public

[ 2018-05-13T21:17:53+08:00 ] ::1 /Public/js/angular.min.js.map
INFO: [ app_init ] --START--
INFO: Run Behavior\BuildLiteBehavior [ RunTime:0.000028s ]
INFO: [ app_init ] --END-- [ RunTime:0.000901s ]
ERR: 无法加载模块:Public

[ 2018-05-13T21:18:22+08:00 ] ::1 /Public/js/angular.min.js.map
INFO: [ app_init ] --START--
INFO: Run Behavior\BuildLiteBehavior [ RunTime:0.000020s ]
INFO: [ app_init ] --END-- [ RunTime:0.000653s ]
ERR: 无法加载模块:Public

[ 2018-05-13T21:20:00+08:00 ] ::1 /Public/js/angular.min.js.map
INFO: [ app_init ] --START--
INFO: Run Behavior\BuildLiteBehavior [ RunTime:0.000041s ]
INFO: [ app_init ] --END-- [ RunTime:0.009345s ]
ERR: 无法加载模块:Public

[ 2018-05-13T21:20:15+08:00 ] ::1 /Public/js/angular.min.js.map
INFO: [ app_init ] --START--
INFO: Run Behavior\BuildLiteBehavior [ RunTime:0.000021s ]
INFO: [ app_init ] --END-- [ RunTime:0.000825s ]
ERR: 无法加载模块:Public

[ 2018-05-13T21:20:39+08:00 ] ::1 /Public/js/angular.min.js.map
INFO: [ app_init ] --START--
INFO: Run Behavior\BuildLiteBehavior [ RunTime:0.000021s ]
INFO: [ app_init ] --END-- [ RunTime:0.000611s ]
ERR: 无法加载模块:Public

[ 2018-05-13T21:20:42+08:00 ] ::1 /Public/js/angular.min.js.map
INFO: [ app_init ] --START--
INFO: Run Behavior\BuildLiteBehavior [ RunTime:0.000029s ]
INFO: [ app_init ] --END-- [ RunTime:0.000927s ]
ERR: 无法加载模块:Public

[ 2018-05-13T21:23:28+08:00 ] ::1 /Public/js/angular.min.js.map
INFO: [ app_init ] --START--
INFO: Run Behavior\BuildLiteBehavior [ RunTime:0.000033s ]
INFO: [ app_init ] --END-- [ RunTime:0.001074s ]
ERR: 无法加载模块:Public

[ 2018-05-13T21:26:02+08:00 ] ::1 /Public/js/angular.min.js.map
INFO: [ app_init ] --START--
INFO: Run Behavior\BuildLiteBehavior [ RunTime:0.000032s ]
INFO: [ app_init ] --END-- [ RunTime:0.000977s ]
ERR: 无法加载模块:Public

[ 2018-05-13T21:26:10+08:00 ] ::1 /Public/js/angular.min.js.map
INFO: [ app_init ] --START--
INFO: Run Behavior\BuildLiteBehavior [ RunTime:0.000021s ]
INFO: [ app_init ] --END-- [ RunTime:0.000662s ]
ERR: 无法加载模块:Public

[ 2018-05-13T21:29:20+08:00 ] ::1 /Public/js/angular.min.js.map
INFO: [ app_init ] --START--
INFO: Run Behavior\BuildLiteBehavior [ RunTime:0.000034s ]
INFO: [ app_init ] --END-- [ RunTime:0.000882s ]
ERR: 无法加载模块:Public

[ 2018-05-13T21:29:44+08:00 ] ::1 /Public/js/angular.min.js.map
INFO: [ app_init ] --START--
INFO: Run Behavior\BuildLiteBehavior [ RunTime:0.000021s ]
INFO: [ app_init ] --END-- [ RunTime:0.000630s ]
ERR: 无法加载模块:Public

[ 2018-05-13T21:31:53+08:00 ] ::1 /Public/js/angular.min.js.map
INFO: [ app_init ] --START--
INFO: Run Behavior\BuildLiteBehavior [ RunTime:0.000029s ]
INFO: [ app_init ] --END-- [ RunTime:0.000775s ]
ERR: 无法加载模块:Public

[ 2018-05-13T21:32:23+08:00 ] ::1 /Public/js/angular.min.js.map
INFO: [ app_init ] --START--
INFO: Run Behavior\BuildLiteBehavior [ RunTime:0.000023s ]
INFO: [ app_init ] --END-- [ RunTime:0.000811s ]
ERR: 无法加载模块:Public

[ 2018-05-13T21:32:53+08:00 ] ::1 /Public/js/angular.min.js.map
INFO: [ app_init ] --START--
INFO: Run Behavior\BuildLiteBehavior [ RunTime:0.000031s ]
INFO: [ app_init ] --END-- [ RunTime:0.000899s ]
ERR: 无法加载模块:Public

[ 2018-05-13T21:33:34+08:00 ] ::1 /Public/js/angular.min.js.map
INFO: [ app_init ] --START--
INFO: Run Behavior\BuildLiteBehavior [ RunTime:0.000029s ]
INFO: [ app_init ] --END-- [ RunTime:0.000854s ]
ERR: 无法加载模块:Public

[ 2018-05-13T21:34:07+08:00 ] ::1 /Public/js/angular.min.js.map
INFO: [ app_init ] --START--
INFO: Run Behavior\BuildLiteBehavior [ RunTime:0.000042s ]
INFO: [ app_init ] --END-- [ RunTime:0.001054s ]
ERR: 无法加载模块:Public

[ 2018-05-13T21:34:37+08:00 ] ::1 /Public/js/angular.min.js.map
INFO: [ app_init ] --START--
INFO: Run Behavior\BuildLiteBehavior [ RunTime:0.000021s ]
INFO: [ app_init ] --END-- [ RunTime:0.000642s ]
ERR: 无法加载模块:Public

[ 2018-05-13T21:34:40+08:00 ] ::1 /Public/js/angular.min.js.map
INFO: [ app_init ] --START--
INFO: Run Behavior\BuildLiteBehavior [ RunTime:0.000040s ]
INFO: [ app_init ] --END-- [ RunTime:0.001192s ]
ERR: 无法加载模块:Public

[ 2018-05-13T21:34:46+08:00 ] ::1 /Public/js/angular.min.js.map
INFO: [ app_init ] --START--
INFO: Run Behavior\BuildLiteBehavior [ RunTime:0.000031s ]
INFO: [ app_init ] --END-- [ RunTime:0.000932s ]
ERR: 无法加载模块:Public

[ 2018-05-13T21:35:01+08:00 ] ::1 /Public/js/angular.min.js.map
INFO: [ app_init ] --START--
INFO: Run Behavior\BuildLiteBehavior [ RunTime:0.000020s ]
INFO: [ app_init ] --END-- [ RunTime:0.000646s ]
ERR: 无法加载模块:Public

[ 2018-05-13T21:35:15+08:00 ] ::1 /Public/js/angular.min.js.map
INFO: [ app_init ] --START--
INFO: Run Behavior\BuildLiteBehavior [ RunTime:0.000103s ]
INFO: [ app_init ] --END-- [ RunTime:0.001164s ]
ERR: 无法加载模块:Public

[ 2018-05-13T21:36:01+08:00 ] ::1 /Public/js/angular.min.js.map
INFO: [ app_init ] --START--
INFO: Run Behavior\BuildLiteBehavior [ RunTime:0.000021s ]
INFO: [ app_init ] --END-- [ RunTime:0.000603s ]
ERR: 无法加载模块:Public

[ 2018-05-13T21:36:14+08:00 ] ::1 /Public/js/angular.min.js.map
INFO: [ app_init ] --START--
INFO: Run Behavior\BuildLiteBehavior [ RunTime:0.000022s ]
INFO: [ app_init ] --END-- [ RunTime:0.000736s ]
ERR: 无法加载模块:Public

[ 2018-05-13T21:36:18+08:00 ] ::1 /Public/js/angular.min.js.map
INFO: [ app_init ] --START--
INFO: Run Behavior\BuildLiteBehavior [ RunTime:0.000020s ]
INFO: [ app_init ] --END-- [ RunTime:0.000663s ]
ERR: 无法加载模块:Public

[ 2018-05-13T21:36:20+08:00 ] ::1 /Public/js/angular.min.js.map
INFO: [ app_init ] --START--
INFO: Run Behavior\BuildLiteBehavior [ RunTime:0.000021s ]
INFO: [ app_init ] --END-- [ RunTime:0.000657s ]
ERR: 无法加载模块:Public

[ 2018-05-13T21:36:24+08:00 ] ::1 /Public/js/angular.min.js.map
INFO: [ app_init ] --START--
INFO: Run Behavior\BuildLiteBehavior [ RunTime:0.000034s ]
INFO: [ app_init ] --END-- [ RunTime:0.001002s ]
ERR: 无法加载模块:Public

[ 2018-05-13T21:36:27+08:00 ] ::1 /Public/js/angular.min.js.map
INFO: [ app_init ] --START--
INFO: Run Behavior\BuildLiteBehavior [ RunTime:0.000044s ]
INFO: [ app_init ] --END-- [ RunTime:0.001162s ]
ERR: 无法加载模块:Public

[ 2018-05-13T21:36:30+08:00 ] ::1 /Public/js/angular.min.js.map
INFO: [ app_init ] --START--
INFO: Run Behavior\BuildLiteBehavior [ RunTime:0.000033s ]
INFO: [ app_init ] --END-- [ RunTime:0.000974s ]
ERR: 无法加载模块:Public

[ 2018-05-13T21:51:08+08:00 ] ::1 /Public/js/angular.min.js.map
INFO: [ app_init ] --START--
INFO: Run Behavior\BuildLiteBehavior [ RunTime:0.000031s ]
INFO: [ app_init ] --END-- [ RunTime:0.000917s ]
ERR: 无法加载模块:Public

[ 2018-05-13T21:51:44+08:00 ] ::1 /Public/js/angular.min.js.map
INFO: [ app_init ] --START--
INFO: Run Behavior\BuildLiteBehavior [ RunTime:0.000023s ]
INFO: [ app_init ] --END-- [ RunTime:0.000706s ]
ERR: 无法加载模块:Public

[ 2018-05-13T21:51:53+08:00 ] ::1 /Public/js/angular.min.js.map
INFO: [ app_init ] --START--
INFO: Run Behavior\BuildLiteBehavior [ RunTime:0.000043s ]
INFO: [ app_init ] --END-- [ RunTime:0.001097s ]
ERR: 无法加载模块:Public

[ 2018-05-13T21:51:56+08:00 ] ::1 /Public/js/angular.min.js.map
INFO: [ app_init ] --START--
INFO: Run Behavior\BuildLiteBehavior [ RunTime:0.000038s ]
INFO: [ app_init ] --END-- [ RunTime:0.001071s ]
ERR: 无法加载模块:Public

[ 2018-05-13T21:52:01+08:00 ] ::1 /Public/js/angular.min.js.map
INFO: [ app_init ] --START--
INFO: Run Behavior\BuildLiteBehavior [ RunTime:0.000035s ]
INFO: [ app_init ] --END-- [ RunTime:0.000993s ]
ERR: 无法加载模块:Public

[ 2018-05-13T21:52:20+08:00 ] ::1 /Public/js/angular.min.js.map
INFO: [ app_init ] --START--
INFO: Run Behavior\BuildLiteBehavior [ RunTime:0.000034s ]
INFO: [ app_init ] --END-- [ RunTime:0.000987s ]
ERR: 无法加载模块:Public

[ 2018-05-13T21:52:24+08:00 ] ::1 /Public/js/angular.min.js.map
INFO: [ app_init ] --START--
INFO: Run Behavior\BuildLiteBehavior [ RunTime:0.000035s ]
INFO: [ app_init ] --END-- [ RunTime:0.001042s ]
ERR: 无法加载模块:Public

[ 2018-05-13T21:53:55+08:00 ] ::1 /Public/js/angular.min.js.map
INFO: [ app_init ] --START--
INFO: Run Behavior\BuildLiteBehavior [ RunTime:0.000033s ]
INFO: [ app_init ] --END-- [ RunTime:0.001002s ]
ERR: 无法加载模块:Public

[ 2018-05-13T21:53:59+08:00 ] ::1 /Public/js/angular.min.js.map
INFO: [ app_init ] --START--
INFO: Run Behavior\BuildLiteBehavior [ RunTime:0.000036s ]
INFO: [ app_init ] --END-- [ RunTime:0.001117s ]
ERR: 无法加载模块:Public

[ 2018-05-13T21:54:01+08:00 ] ::1 /Public/js/angular.min.js.map
INFO: [ app_init ] --START--
INFO: Run Behavior\BuildLiteBehavior [ RunTime:0.000030s ]
INFO: [ app_init ] --END-- [ RunTime:0.000868s ]
ERR: 无法加载模块:Public

[ 2018-05-13T21:54:04+08:00 ] ::1 /Public/js/angular.min.js.map
INFO: [ app_init ] --START--
INFO: Run Behavior\BuildLiteBehavior [ RunTime:0.000032s ]
INFO: [ app_init ] --END-- [ RunTime:0.000956s ]
ERR: 无法加载模块:Public

[ 2018-05-13T21:54:08+08:00 ] ::1 /Public/js/angular.min.js.map
INFO: [ app_init ] --START--
INFO: Run Behavior\BuildLiteBehavior [ RunTime:0.000027s ]
INFO: [ app_init ] --END-- [ RunTime:0.000871s ]
ERR: 无法加载模块:Public

[ 2018-05-13T22:07:26+08:00 ] ::1 /Public/js/angular.min.js.map
INFO: [ app_init ] --START--
INFO: Run Behavior\BuildLiteBehavior [ RunTime:0.000031s ]
INFO: [ app_init ] --END-- [ RunTime:0.000899s ]
ERR: 无法加载模块:Public

[ 2018-05-13T22:08:30+08:00 ] ::1 /Public/js/angular.min.js.map
INFO: [ app_init ] --START--
INFO: Run Behavior\BuildLiteBehavior [ RunTime:0.000034s ]
INFO: [ app_init ] --END-- [ RunTime:0.001141s ]
ERR: 无法加载模块:Public

[ 2018-05-13T22:09:20+08:00 ] ::1 /Public/js/angular.min.js.map
INFO: [ app_init ] --START--
INFO: Run Behavior\BuildLiteBehavior [ RunTime:0.000032s ]
INFO: [ app_init ] --END-- [ RunTime:0.001076s ]
ERR: 无法加载模块:Public

[ 2018-05-13T22:10:53+08:00 ] ::1 /Public/js/angular.min.js.map
INFO: [ app_init ] --START--
INFO: Run Behavior\BuildLiteBehavior [ RunTime:0.000021s ]
INFO: [ app_init ] --END-- [ RunTime:0.000618s ]
ERR: 无法加载模块:Public

[ 2018-05-13T22:14:29+08:00 ] ::1 /Public/js/angular.min.js.map
INFO: [ app_init ] --START--
INFO: Run Behavior\BuildLiteBehavior [ RunTime:0.000033s ]
INFO: [ app_init ] --END-- [ RunTime:0.000944s ]
ERR: 无法加载模块:Public

[ 2018-05-13T22:24:51+08:00 ] ::1 /Public/js/angular.min.js.map
INFO: [ app_init ] --START--
INFO: Run Behavior\BuildLiteBehavior [ RunTime:0.000042s ]
INFO: [ app_init ] --END-- [ RunTime:0.001019s ]
ERR: 无法加载模块:Public

[ 2018-05-13T22:29:50+08:00 ] ::1 /Public/js/angular.min.js.map
INFO: [ app_init ] --START--
INFO: Run Behavior\BuildLiteBehavior [ RunTime:0.000035s ]
INFO: [ app_init ] --END-- [ RunTime:0.001045s ]
ERR: 无法加载模块:Public

[ 2018-05-13T22:30:22+08:00 ] ::1 /Public/js/angular.min.js.map
INFO: [ app_init ] --START--
INFO: Run Behavior\BuildLiteBehavior [ RunTime:0.000036s ]
INFO: [ app_init ] --END-- [ RunTime:0.006472s ]
ERR: 无法加载模块:Public

[ 2018-05-13T22:30:29+08:00 ] ::1 /Public/js/angular.min.js.map
INFO: [ app_init ] --START--
INFO: Run Behavior\BuildLiteBehavior [ RunTime:0.000033s ]
INFO: [ app_init ] --END-- [ RunTime:0.000978s ]
ERR: 无法加载模块:Public

[ 2018-05-13T22:30:49+08:00 ] ::1 /Public/js/angular.min.js.map
INFO: [ app_init ] --START--
INFO: Run Behavior\BuildLiteBehavior [ RunTime:0.000030s ]
INFO: [ app_init ] --END-- [ RunTime:0.001120s ]
ERR: 无法加载模块:Public

[ 2018-05-13T22:30:51+08:00 ] ::1 /Public/js/angular.min.js.map
INFO: [ app_init ] --START--
INFO: Run Behavior\BuildLiteBehavior [ RunTime:0.000022s ]
INFO: [ app_init ] --END-- [ RunTime:0.000637s ]
ERR: 无法加载模块:Public

[ 2018-05-13T22:31:09+08:00 ] ::1 /Public/js/angular.min.js.map
INFO: [ app_init ] --START--
INFO: Run Behavior\BuildLiteBehavior [ RunTime:0.000032s ]
INFO: [ app_init ] --END-- [ RunTime:0.000992s ]
ERR: 无法加载模块:Public

[ 2018-05-13T22:33:15+08:00 ] ::1 /Public/js/angular.min.js.map
INFO: [ app_init ] --START--
INFO: Run Behavior\BuildLiteBehavior [ RunTime:0.000043s ]
INFO: [ app_init ] --END-- [ RunTime:0.001041s ]
ERR: 无法加载模块:Public

[ 2018-05-13T22:33:16+08:00 ] ::1 /Public/js/angular.min.js.map
INFO: [ app_init ] --START--
INFO: Run Behavior\BuildLiteBehavior [ RunTime:0.000042s ]
INFO: [ app_init ] --END-- [ RunTime:0.000886s ]
ERR: 无法加载模块:Public

[ 2018-05-13T22:33:37+08:00 ] ::1 /Public/js/angular.min.js.map
INFO: [ app_init ] --START--
INFO: Run Behavior\BuildLiteBehavior [ RunTime:0.000033s ]
INFO: [ app_init ] --END-- [ RunTime:0.003142s ]
ERR: 无法加载模块:Public

[ 2018-05-13T22:33:38+08:00 ] ::1 /Public/js/angular.min.js.map
INFO: [ app_init ] --START--
INFO: Run Behavior\BuildLiteBehavior [ RunTime:0.000021s ]
INFO: [ app_init ] --END-- [ RunTime:0.000637s ]
ERR: 无法加载模块:Public

[ 2018-05-13T22:33:39+08:00 ] ::1 /Public/js/angular.min.js.map
INFO: [ app_init ] --START--
INFO: Run Behavior\BuildLiteBehavior [ RunTime:0.000029s ]
INFO: [ app_init ] --END-- [ RunTime:0.001149s ]
ERR: 无法加载模块:Public

