[ 2018-05-23T20:31:55+08:00 ] ::1 /Home/index/index
INFO: [ app_init ] --START--
INFO: Run Behavior\BuildLiteBehavior [ RunTime:0.000020s ]
INFO: [ app_init ] --END-- [ RunTime:0.000640s ]
INFO: [ app_begin ] --START--
INFO: Run Behavior\ReadHtmlCacheBehavior [ RunTime:0.001050s ]
INFO: [ app_begin ] --END-- [ RunTime:0.001152s ]
SQL: SHOW COLUMNS FROM `book` [ RunTime:0.1016s ]
SQL: SELECT * FROM `book` WHERE ( audi=1 ) ORDER BY book_score desc  [ RunTime:0.0010s ]
NOTIC: [8] Use of undefined constant index - assumed 'index' D:\GitRes\Novel\book\Application\Home\Controller\IndexController.class.php 第 14 行.
INFO: [ view_parse ] --START--
INFO: [ template_filter ] --START--
INFO: Run Behavior\ContentReplaceBehavior [ RunTime:0.000099s ]
INFO: [ template_filter ] --END-- [ RunTime:0.000176s ]
NOTIC: [8] A session had already been started - ignoring session_start() D:\GitRes\Novel\book\Application\Runtime\Cache\Home\2a94b8bda04ff446dcedd42276fc99ee.php 第 1 行.
NOTIC: [8] Undefined variable: vo_new D:\GitRes\Novel\book\Application\Runtime\Cache\Home\2a94b8bda04ff446dcedd42276fc99ee.php 第 71 行.
NOTIC: [8] Undefined variable: vo_new D:\GitRes\Novel\book\Application\Runtime\Cache\Home\2a94b8bda04ff446dcedd42276fc99ee.php 第 72 行.
NOTIC: [8] Undefined variable: vo_new D:\GitRes\Novel\book\Application\Runtime\Cache\Home\2a94b8bda04ff446dcedd42276fc99ee.php 第 72 行.
INFO: Run Behavior\ParseTemplateBehavior [ RunTime:0.125735s ]
INFO: [ view_parse ] --END-- [ RunTime:0.125825s ]
INFO: [ view_filter ] --START--
INFO: Run Behavior\WriteHtmlCacheBehavior [ RunTime:0.000911s ]
INFO: [ view_filter ] --END-- [ RunTime:0.000975s ]
INFO: [ app_end ] --START--
INFO: Run Behavior\ShowPageTraceBehavior [ RunTime:0.001040s ]
INFO: [ app_end ] --END-- [ RunTime:0.001102s ]

[ 2018-05-23T20:31:55+08:00 ] ::1 /Home/index/newBook
INFO: [ app_init ] --START--
INFO: Run Behavior\BuildLiteBehavior [ RunTime:0.000039s ]
INFO: [ app_init ] --END-- [ RunTime:0.001122s ]
INFO: [ app_begin ] --START--
INFO: Run Behavior\ReadHtmlCacheBehavior [ RunTime:0.001170s ]
INFO: [ app_begin ] --END-- [ RunTime:0.001319s ]
SQL: SHOW COLUMNS FROM `book` [ RunTime:0.0343s ]
SQL: SELECT * FROM `book` WHERE ( audi=1 ) ORDER BY update_time desc  [ RunTime:0.0006s ]
INFO: [ app_end ] --START--
INFO: Run Behavior\ShowPageTraceBehavior [ RunTime:0.001518s ]
INFO: [ app_end ] --END-- [ RunTime:0.001596s ]

[ 2018-05-23T20:32:00+08:00 ] ::1 /Home/login/login
INFO: [ app_init ] --START--
INFO: Run Behavior\BuildLiteBehavior [ RunTime:0.000020s ]
INFO: [ app_init ] --END-- [ RunTime:0.000557s ]
INFO: [ app_begin ] --START--
INFO: Run Behavior\ReadHtmlCacheBehavior [ RunTime:0.000973s ]
INFO: [ app_begin ] --END-- [ RunTime:0.001089s ]
NOTIC: [8] Use of undefined constant login - assumed 'login' D:\GitRes\Novel\book\Application\Home\Controller\LoginController.class.php 第 10 行.
INFO: [ view_parse ] --START--
INFO: [ template_filter ] --START--
INFO: Run Behavior\ContentReplaceBehavior [ RunTime:0.000057s ]
INFO: [ template_filter ] --END-- [ RunTime:0.000141s ]
INFO: Run Behavior\ParseTemplateBehavior [ RunTime:0.083349s ]
INFO: [ view_parse ] --END-- [ RunTime:0.083468s ]
INFO: [ view_filter ] --START--
INFO: Run Behavior\WriteHtmlCacheBehavior [ RunTime:0.000763s ]
INFO: [ view_filter ] --END-- [ RunTime:0.000842s ]
INFO: [ app_end ] --START--
INFO: Run Behavior\ShowPageTraceBehavior [ RunTime:0.001055s ]
INFO: [ app_end ] --END-- [ RunTime:0.001123s ]

[ 2018-05-23T20:55:28+08:00 ] ::1 /
INFO: [ app_init ] --START--
INFO: Run Behavior\BuildLiteBehavior [ RunTime:0.000023s ]
INFO: [ app_init ] --END-- [ RunTime:0.000727s ]
INFO: [ app_begin ] --START--
INFO: Run Behavior\ReadHtmlCacheBehavior [ RunTime:0.000918s ]
INFO: [ app_begin ] --END-- [ RunTime:0.000995s ]
SQL: SHOW COLUMNS FROM `book` [ RunTime:0.0264s ]
SQL: SELECT * FROM `book` WHERE ( audi=1 ) ORDER BY book_score desc  [ RunTime:0.0007s ]
NOTIC: [8] Use of undefined constant index - assumed 'index' D:\GitRes\Novel\book\Application\Home\Controller\IndexController.class.php 第 14 行.
INFO: [ view_parse ] --START--
INFO: [ template_filter ] --START--
INFO: Run Behavior\ContentReplaceBehavior [ RunTime:0.000152s ]
INFO: [ template_filter ] --END-- [ RunTime:0.000264s ]
NOTIC: [8] A session had already been started - ignoring session_start() D:\GitRes\Novel\book\Application\Runtime\Cache\Home\2a94b8bda04ff446dcedd42276fc99ee.php 第 1 行.
NOTIC: [8] Undefined variable: vo_new D:\GitRes\Novel\book\Application\Runtime\Cache\Home\2a94b8bda04ff446dcedd42276fc99ee.php 第 71 行.
NOTIC: [8] Undefined variable: vo_new D:\GitRes\Novel\book\Application\Runtime\Cache\Home\2a94b8bda04ff446dcedd42276fc99ee.php 第 72 行.
NOTIC: [8] Undefined variable: vo_new D:\GitRes\Novel\book\Application\Runtime\Cache\Home\2a94b8bda04ff446dcedd42276fc99ee.php 第 72 行.
INFO: Run Behavior\ParseTemplateBehavior [ RunTime:0.021862s ]
INFO: [ view_parse ] --END-- [ RunTime:0.021955s ]
INFO: [ view_filter ] --START--
INFO: Run Behavior\WriteHtmlCacheBehavior [ RunTime:0.000590s ]
INFO: [ view_filter ] --END-- [ RunTime:0.000660s ]
INFO: [ app_end ] --START--
INFO: Run Behavior\ShowPageTraceBehavior [ RunTime:0.000919s ]
INFO: [ app_end ] --END-- [ RunTime:0.000983s ]

[ 2018-05-23T20:55:28+08:00 ] ::1 /Home/index/newBook
INFO: [ app_init ] --START--
INFO: Run Behavior\BuildLiteBehavior [ RunTime:0.000030s ]
INFO: [ app_init ] --END-- [ RunTime:0.000800s ]
INFO: [ app_begin ] --START--
INFO: Run Behavior\ReadHtmlCacheBehavior [ RunTime:0.001020s ]
INFO: [ app_begin ] --END-- [ RunTime:0.001135s ]
SQL: SHOW COLUMNS FROM `book` [ RunTime:0.0110s ]
SQL: SELECT * FROM `book` WHERE ( audi=1 ) ORDER BY update_time desc  [ RunTime:0.0008s ]
INFO: [ app_end ] --START--
INFO: Run Behavior\ShowPageTraceBehavior [ RunTime:0.001512s ]
INFO: [ app_end ] --END-- [ RunTime:0.001625s ]

[ 2018-05-23T20:55:30+08:00 ] ::1 /
INFO: [ app_init ] --START--
INFO: Run Behavior\BuildLiteBehavior [ RunTime:0.000021s ]
INFO: [ app_init ] --END-- [ RunTime:0.000593s ]
INFO: [ app_begin ] --START--
INFO: Run Behavior\ReadHtmlCacheBehavior [ RunTime:0.000969s ]
INFO: [ app_begin ] --END-- [ RunTime:0.001087s ]
SQL: SHOW COLUMNS FROM `book` [ RunTime:0.0902s ]
SQL: SELECT * FROM `book` WHERE ( audi=1 ) ORDER BY book_score desc  [ RunTime:0.0007s ]
NOTIC: [8] Use of undefined constant index - assumed 'index' D:\GitRes\Novel\book\Application\Home\Controller\IndexController.class.php 第 14 行.
INFO: [ view_parse ] --START--
INFO: [ template_filter ] --START--
INFO: Run Behavior\ContentReplaceBehavior [ RunTime:0.000136s ]
INFO: [ template_filter ] --END-- [ RunTime:0.000229s ]
NOTIC: [8] A session had already been started - ignoring session_start() D:\GitRes\Novel\book\Application\Runtime\Cache\Home\2a94b8bda04ff446dcedd42276fc99ee.php 第 1 行.
NOTIC: [8] Undefined variable: vo_new D:\GitRes\Novel\book\Application\Runtime\Cache\Home\2a94b8bda04ff446dcedd42276fc99ee.php 第 71 行.
NOTIC: [8] Undefined variable: vo_new D:\GitRes\Novel\book\Application\Runtime\Cache\Home\2a94b8bda04ff446dcedd42276fc99ee.php 第 72 行.
NOTIC: [8] Undefined variable: vo_new D:\GitRes\Novel\book\Application\Runtime\Cache\Home\2a94b8bda04ff446dcedd42276fc99ee.php 第 72 行.
INFO: Run Behavior\ParseTemplateBehavior [ RunTime:0.015480s ]
INFO: [ view_parse ] --END-- [ RunTime:0.015579s ]
INFO: [ view_filter ] --START--
INFO: Run Behavior\WriteHtmlCacheBehavior [ RunTime:0.000594s ]
INFO: [ view_filter ] --END-- [ RunTime:0.000684s ]
INFO: [ app_end ] --START--
INFO: Run Behavior\ShowPageTraceBehavior [ RunTime:0.000830s ]
INFO: [ app_end ] --END-- [ RunTime:0.000911s ]

[ 2018-05-23T20:55:30+08:00 ] ::1 /Home/index/newBook
INFO: [ app_init ] --START--
INFO: Run Behavior\BuildLiteBehavior [ RunTime:0.000030s ]
INFO: [ app_init ] --END-- [ RunTime:0.000796s ]
INFO: [ app_begin ] --START--
INFO: Run Behavior\ReadHtmlCacheBehavior [ RunTime:0.001016s ]
INFO: [ app_begin ] --END-- [ RunTime:0.001131s ]
SQL: SHOW COLUMNS FROM `book` [ RunTime:0.0142s ]
SQL: SELECT * FROM `book` WHERE ( audi=1 ) ORDER BY update_time desc  [ RunTime:0.0007s ]
INFO: [ app_end ] --START--
INFO: Run Behavior\ShowPageTraceBehavior [ RunTime:0.001114s ]
INFO: [ app_end ] --END-- [ RunTime:0.001203s ]

[ 2018-05-23T20:55:43+08:00 ] ::1 /book/
INFO: [ app_init ] --START--
INFO: Run Behavior\BuildLiteBehavior [ RunTime:0.000023s ]
INFO: [ app_init ] --END-- [ RunTime:0.000625s ]
INFO: [ app_begin ] --START--
INFO: Run Behavior\ReadHtmlCacheBehavior [ RunTime:0.001150s ]
INFO: [ app_begin ] --END-- [ RunTime:0.001252s ]
SQL: SHOW COLUMNS FROM `book` [ RunTime:0.0181s ]
SQL: SELECT * FROM `book` WHERE ( audi=1 ) ORDER BY book_score desc  [ RunTime:0.0006s ]
NOTIC: [8] Use of undefined constant index - assumed 'index' D:\GitRes\Novel\book\Application\Home\Controller\IndexController.class.php 第 14 行.
INFO: [ view_parse ] --START--
INFO: [ template_filter ] --START--
INFO: Run Behavior\ContentReplaceBehavior [ RunTime:0.000125s ]
INFO: [ template_filter ] --END-- [ RunTime:0.000206s ]
NOTIC: [8] A session had already been started - ignoring session_start() D:\GitRes\Novel\book\Application\Runtime\Cache\Home\2a94b8bda04ff446dcedd42276fc99ee.php 第 1 行.
NOTIC: [8] Undefined variable: vo_new D:\GitRes\Novel\book\Application\Runtime\Cache\Home\2a94b8bda04ff446dcedd42276fc99ee.php 第 71 行.
NOTIC: [8] Undefined variable: vo_new D:\GitRes\Novel\book\Application\Runtime\Cache\Home\2a94b8bda04ff446dcedd42276fc99ee.php 第 72 行.
NOTIC: [8] Undefined variable: vo_new D:\GitRes\Novel\book\Application\Runtime\Cache\Home\2a94b8bda04ff446dcedd42276fc99ee.php 第 72 行.
INFO: Run Behavior\ParseTemplateBehavior [ RunTime:0.016010s ]
INFO: [ view_parse ] --END-- [ RunTime:0.016083s ]
INFO: [ view_filter ] --START--
INFO: Run Behavior\WriteHtmlCacheBehavior [ RunTime:0.000543s ]
INFO: [ view_filter ] --END-- [ RunTime:0.000603s ]
INFO: [ app_end ] --START--
INFO: Run Behavior\ShowPageTraceBehavior [ RunTime:0.000856s ]
INFO: [ app_end ] --END-- [ RunTime:0.000919s ]

[ 2018-05-23T21:15:59+08:00 ] ::1 /
INFO: [ app_init ] --START--
INFO: Run Behavior\BuildLiteBehavior [ RunTime:0.000019s ]
INFO: [ app_init ] --END-- [ RunTime:0.000653s ]
INFO: [ app_begin ] --START--
INFO: Run Behavior\ReadHtmlCacheBehavior [ RunTime:0.000901s ]
INFO: [ app_begin ] --END-- [ RunTime:0.000974s ]
SQL: SHOW COLUMNS FROM `book` [ RunTime:0.0377s ]
SQL: SELECT * FROM `book` WHERE ( audi=1 ) ORDER BY book_score desc  [ RunTime:0.0007s ]
NOTIC: [8] Use of undefined constant index - assumed 'index' D:\GitRes\Novel\book\Application\Home\Controller\IndexController.class.php 第 14 行.
INFO: [ view_parse ] --START--
INFO: [ template_filter ] --START--
INFO: Run Behavior\ContentReplaceBehavior [ RunTime:0.000116s ]
INFO: [ template_filter ] --END-- [ RunTime:0.000190s ]
NOTIC: [8] A session had already been started - ignoring session_start() D:\GitRes\Novel\book\Application\Runtime\Cache\Home\2a94b8bda04ff446dcedd42276fc99ee.php 第 1 行.
NOTIC: [8] Undefined variable: vo_new D:\GitRes\Novel\book\Application\Runtime\Cache\Home\2a94b8bda04ff446dcedd42276fc99ee.php 第 71 行.
NOTIC: [8] Undefined variable: vo_new D:\GitRes\Novel\book\Application\Runtime\Cache\Home\2a94b8bda04ff446dcedd42276fc99ee.php 第 72 行.
NOTIC: [8] Undefined variable: vo_new D:\GitRes\Novel\book\Application\Runtime\Cache\Home\2a94b8bda04ff446dcedd42276fc99ee.php 第 72 行.
INFO: Run Behavior\ParseTemplateBehavior [ RunTime:0.015013s ]
INFO: [ view_parse ] --END-- [ RunTime:0.015090s ]
INFO: [ view_filter ] --START--
INFO: Run Behavior\WriteHtmlCacheBehavior [ RunTime:0.000579s ]
INFO: [ view_filter ] --END-- [ RunTime:0.000637s ]
INFO: [ app_end ] --START--
INFO: Run Behavior\ShowPageTraceBehavior [ RunTime:0.000870s ]
INFO: [ app_end ] --END-- [ RunTime:0.000932s ]

[ 2018-05-23T21:15:59+08:00 ] ::1 /Home/index/newBook
INFO: [ app_init ] --START--
INFO: Run Behavior\BuildLiteBehavior [ RunTime:0.000031s ]
INFO: [ app_init ] --END-- [ RunTime:0.000812s ]
INFO: [ app_begin ] --START--
INFO: Run Behavior\ReadHtmlCacheBehavior [ RunTime:0.000914s ]
INFO: [ app_begin ] --END-- [ RunTime:0.001016s ]
SQL: SHOW COLUMNS FROM `book` [ RunTime:0.0113s ]
SQL: SELECT * FROM `book` WHERE ( audi=1 ) ORDER BY update_time desc  [ RunTime:0.0012s ]
INFO: [ app_end ] --START--
INFO: Run Behavior\ShowPageTraceBehavior [ RunTime:0.002865s ]
INFO: [ app_end ] --END-- [ RunTime:0.002986s ]

[ 2018-05-23T22:38:15+08:00 ] ::1 /Home/seruser/seruser
INFO: [ app_init ] --START--
INFO: Run Behavior\BuildLiteBehavior [ RunTime:0.000019s ]
INFO: [ app_init ] --END-- [ RunTime:0.000527s ]
INFO: [ app_begin ] --START--
INFO: Run Behavior\ReadHtmlCacheBehavior [ RunTime:0.000687s ]
INFO: [ app_begin ] --END-- [ RunTime:0.000765s ]
ERR: 无法加载控制器:Seruser

